Flutter crash report; please file at https://github.com/flutter/flutter/issues.

## command

flutter build apk

## exception

FormatException: FormatException: Bad UTF-8 encoding 0xc3 (at offset 191)

```
#0      _Utf8Decoder.convert (dart:convert/utf.dart:434:15)
#1      _Utf8ConversionSink.addSlice (dart:convert/string_conversion.dart:311:14)
#2      _Utf8ConversionSink.add (dart:convert/string_conversion.dart:307:5)
#3      _ConverterStreamEventSink.add (dart:convert/chunked_conversion.dart:74:18)
#4      _SinkTransformerStreamSubscription._handleData (dart:async/stream_transformers.dart:120:24)
#5      _rootRunUnary (dart:async/zone.dart:1132:38)
#6      _CustomZone.runUnary (dart:async/zone.dart:1029:19)
#7      _CustomZone.runUnaryGuarded (dart:async/zone.dart:931:7)
#8      _BufferingStreamSubscription._sendData (dart:async/stream_impl.dart:336:11)
#9      _BufferingStreamSubscription._add (dart:async/stream_impl.dart:263:7)
#10     _SyncStreamController._sendData (dart:async/stream_controller.dart:764:19)
#11     _StreamController._add (dart:async/stream_controller.dart:640:7)
#12     _StreamController.add (dart:async/stream_controller.dart:586:5)
#13     _Socket._onData (dart:io/runtime/binsocket_patch.dart:1722:41)
#14     _rootRunUnary (dart:async/zone.dart:1136:13)
#15     _CustomZone.runUnary (dart:async/zone.dart:1029:19)
#16     _CustomZone.runUnaryGuarded (dart:async/zone.dart:931:7)
#17     _BufferingStreamSubscription._sendData (dart:async/stream_impl.dart:336:11)
#18     _BufferingStreamSubscription._add (dart:async/stream_impl.dart:263:7)
#19     _SyncStreamController._sendData (dart:async/stream_controller.dart:764:19)
#20     _StreamController._add (dart:async/stream_controller.dart:640:7)
#21     _StreamController.add (dart:async/stream_controller.dart:586:5)
#22     new _RawSocket.<anonymous closure> (dart:io/runtime/binsocket_patch.dart:1284:33)
#23     _NativeSocket.issueReadEvent.issue (dart:io/runtime/binsocket_patch.dart:826:14)
#24     _microtaskLoop (dart:async/schedule_microtask.dart:41:21)
#25     _startMicrotaskLoop (dart:async/schedule_microtask.dart:50:5)
#26     _runPendingImmediateCallback (dart:isolate/runtime/libisolate_patch.dart:115:13)
#27     _RawReceivePortImpl._handleMessage (dart:isolate/runtime/libisolate_patch.dart:172:5)
```

## flutter doctor

```
[✓] Flutter (Channel master, v1.1.10-pre.35, on Microsoft Windows [Version 6.1.7601], locale zh-CN)
    • Flutter version 1.1.10-pre.35 at E:\android\android-sdk\flutter
    • Framework revision 5a434c61af (5 days ago), 2019-01-10 19:08:03 -0800
    • Engine revision e5ec3cf3ea
    • Dart version 2.1.1 (build 2.1.1-dev.0.1 2cb346bd0c)

[✓] Android toolchain - develop for Android devices (Android SDK version 28.0.3)
    • Android SDK at E:\android\android-sdk\android-sdk
    • Android NDK location not configured (optional; useful for native profiling support)
    • Platform android-28, build-tools 28.0.3
    • ANDROID_HOME = E:\android\android-sdk\android-sdk
    • Java binary at: F:\android-studio\jre\bin\java
    • Java version OpenJDK Runtime Environment (build 1.8.0_152-release-1248-b01)
    • All Android licenses accepted.

[✓] Android Studio (version 3.3)
    • Android Studio at F:\android-studio
    • Flutter plugin version 31.3.3
    • Dart plugin version 182.5124
    • Java version OpenJDK Runtime Environment (build 1.8.0_152-release-1248-b01)

[✓] IntelliJ IDEA Ultimate Edition (version 2018.2)
    • IntelliJ at D:\software\intellij_IDEA\IntelliJ IDEA 2018.2.5
    • Flutter plugin version 29.1.3
    • Dart plugin version 182.4892.25

[✓] Connected device (1 available)
    • HUAWEI RIO AL00 • PJQDU16707000479 • android-arm64 • Android 6.0.1 (API 23)

• No issues found!
```
